<?xml version="1.0" encoding="UTF-8"?>
<!-- Generated by org.testng.reporters.JUnitXMLReporter -->
<testsuite hostname="LAPTOP-17ORIKHV" ignored="1" name="Default test" tests="4" failures="0" timestamp="01 Feb 2021 04:44:31 GMT" time="149.405" errors="0">
  <testcase name="isOneWayFlightSearchSuccessWithDate" time="35.718" classname="com.expedia.test_classes.SearchFlightsOneWay"/>
  <testcase name="isOneWayFlightSearchSuccessWithDate" time="20.115" classname="com.expedia.test_classes.SearchFlightsOneWay"/>
  <testcase name="isOneWayFlightSearchSuccessWithDate" time="29.906" classname="com.expedia.test_classes.SearchFlightsOneWay"/>
  <testcase name="baseTest" time="0.002" classname="com.expedia.base_test_packages.TestConfig"/>
  <testcase name="isOneWayFlightSearchSuccess" time="0.0" classname="com.expedia.test_classes.SearchFlightsOneWay">
    <ignored/>
  </testcase> <!-- isOneWayFlightSearchSuccess -->
</testsuite> <!-- Default test -->
