<?xml version="1.0" encoding="UTF-8"?>
<!-- Generated by org.testng.reporters.JUnitXMLReporter -->
<testsuite hostname="LAPTOP-17ORIKHV" ignored="0" name="Default test" tests="3" failures="0" timestamp="20 Jun 2019 18:22:30 GMT" time="89.664" errors="0">
  <testcase name="search" time="15.227" classname="frontPage.SearchPageTest"/>
  <testcase name="search" time="11.282" classname="frontPage.SearchPageTest"/>
  <testcase name="search" time="10.153" classname="frontPage.SearchPageTest"/>
</testsuite> <!-- Default test -->
