<?xml version="1.0" encoding="UTF-8"?>
<!-- Generated by org.testng.reporters.JUnitXMLReporter -->
<testsuite hostname="LAPTOP-17ORIKHV" ignored="1" name="expedia_fl_test" tests="6" failures="5" timestamp="31 Jan 2021 14:32:25 GMT" time="46.397" errors="0">
  <testcase name="isOneWayFlightSearchSuccessWithDate" time="0.29" classname="com.expedia.test_classes.SearchFlightsOneWay">
    <failure type="java.lang.NullPointerException">
      <![CDATA[java.lang.NullPointerException
	at com.expedia.base_page_packages.CustomDriver.scrollDownBy(CustomDriver.java:200)
	at com.expedia.base_page_packages.CustomDriver.clickDateElementIfExists(CustomDriver.java:262)
	at com.expedia.page_classes.FlightsOneWay.provideDepartDate(FlightsOneWay.java:169)
	at com.expedia.test_classes.SearchFlightsOneWay.isOneWayFlightSearchSuccessWithDate(SearchFlightsOneWay.java:102)
... Removed 25 stack frames]]>
    </failure>
  </testcase> <!-- isOneWayFlightSearchSuccessWithDate -->
  <testcase name="isOneWayFlightSearchSuccessWithDate" time="0.006" classname="com.expedia.test_classes.SearchFlightsOneWay">
    <failure type="java.lang.NullPointerException">
      <![CDATA[java.lang.NullPointerException
	at com.expedia.base_page_packages.CustomDriver.scrollDownBy(CustomDriver.java:200)
	at com.expedia.base_page_packages.CustomDriver.clickDateElementIfExists(CustomDriver.java:262)
	at com.expedia.page_classes.FlightsOneWay.provideDepartDate(FlightsOneWay.java:169)
	at com.expedia.test_classes.SearchFlightsOneWay.isOneWayFlightSearchSuccessWithDate(SearchFlightsOneWay.java:102)
... Removed 25 stack frames]]>
    </failure>
  </testcase> <!-- isOneWayFlightSearchSuccessWithDate -->
  <testcase name="isOneWayFlightSearchSuccessWithDate" time="0.013" classname="com.expedia.test_classes.SearchFlightsOneWay">
    <failure type="java.lang.NullPointerException">
      <![CDATA[java.lang.NullPointerException
	at com.expedia.base_page_packages.CustomDriver.scrollDownBy(CustomDriver.java:200)
	at com.expedia.base_page_packages.CustomDriver.clickDateElementIfExists(CustomDriver.java:262)
	at com.expedia.page_classes.FlightsOneWay.provideDepartDate(FlightsOneWay.java:169)
	at com.expedia.test_classes.SearchFlightsOneWay.isOneWayFlightSearchSuccessWithDate(SearchFlightsOneWay.java:102)
... Removed 25 stack frames]]>
    </failure>
  </testcase> <!-- isOneWayFlightSearchSuccessWithDate -->
  <testcase name="isOneWayFlightSearchSuccessWithDate" time="0.004" classname="com.expedia.test_classes.SearchFlightsOneWay">
    <failure type="java.lang.NullPointerException">
      <![CDATA[java.lang.NullPointerException
	at com.expedia.base_page_packages.CustomDriver.scrollDownBy(CustomDriver.java:200)
	at com.expedia.base_page_packages.CustomDriver.clickDateElementIfExists(CustomDriver.java:262)
	at com.expedia.page_classes.FlightsOneWay.provideDepartDate(FlightsOneWay.java:169)
	at com.expedia.test_classes.SearchFlightsOneWay.isOneWayFlightSearchSuccessWithDate(SearchFlightsOneWay.java:102)
... Removed 25 stack frames]]>
    </failure>
  </testcase> <!-- isOneWayFlightSearchSuccessWithDate -->
  <testcase name="isOneWayFlightSearchSuccessWithDate" time="0.004" classname="com.expedia.test_classes.SearchFlightsOneWay">
    <failure type="java.lang.NullPointerException">
      <![CDATA[java.lang.NullPointerException
	at com.expedia.base_page_packages.CustomDriver.scrollDownBy(CustomDriver.java:200)
	at com.expedia.base_page_packages.CustomDriver.clickDateElementIfExists(CustomDriver.java:262)
	at com.expedia.page_classes.FlightsOneWay.provideDepartDate(FlightsOneWay.java:169)
	at com.expedia.test_classes.SearchFlightsOneWay.isOneWayFlightSearchSuccessWithDate(SearchFlightsOneWay.java:102)
... Removed 25 stack frames]]>
    </failure>
  </testcase> <!-- isOneWayFlightSearchSuccessWithDate -->
  <testcase name="baseTest" time="0.001" classname="com.expedia.base_test_packages.TestConfig"/>
  <testcase name="isOneWayFlightSearchSuccess" time="0.0" classname="com.expedia.test_classes.SearchFlightsOneWay">
    <ignored/>
  </testcase> <!-- isOneWayFlightSearchSuccess -->
</testsuite> <!-- expedia_fl_test -->
